This is pdfTeXk, Version 3.141592-1.40.3 (Web2C 7.5.6) (format=latex 2009.10.26)  11 NOV 2009 21:28
entering extended mode
 %&-line parsing enabled.
**guitar.ins
(./guitar.ins
LaTeX2e <2005/12/01>
Babel <v3.8h> and hyphenation patterns for english, usenglishmax, dumylang, noh
yphenation, loaded.
(/usr/share/texmf-texlive/tex/latex/base/docstrip.tex
\blockLevel=\count79
\emptyLines=\count80
\processedLines=\count81
\commentsRemoved=\count82
\commentsPassed=\count83
\codeLinesPassed=\count84
\TotalprocessedLines=\count85
\TotalcommentsRemoved=\count86
\TotalcommentsPassed=\count87
\TotalcodeLinesPassed=\count88
\NumberOfFiles=\count89
\inFile=\read1
\inputcheck=\read2
\off@0=\count90
\off@1=\count91
\off@2=\count92
\off@3=\count93
\off@4=\count94
\off@5=\count95
\off@6=\count96
\off@7=\count97
\off@8=\count98
\off@9=\count99
\off@10=\count100
\off@11=\count101
\off@12=\count102
\off@13=\count103
\off@14=\count104
\off@15=\count105
\@maxfiles=\count106
\@maxoutfiles=\count107

Utility: `docstrip' 2.5d <2005/07/29>
English documentation    <1999/03/31>

**********************************************************
* This program converts documented macro-files into fast *
* loadable files by stripping off (nearly) all comments! *
**********************************************************

********************************************************
* No Configuration file found, using default settings. *
********************************************************

(./guitar.ins

Generating file(s) ./guitar.sty 
\openout0 = `./guitar.sty'.


Processing file guitar.dtx (package) -> guitar.sty
File guitar.dtx ended by \endinput.
Lines  processed: 1298
Comments removed: 729
Comments  passed: 311
Codelines passed: 242


Generating file(s) ./guitar.txt 
\openout0 = `./guitar.txt'.


Processing file guitar.dtx (asciidocu) -> guitar.txt
File guitar.dtx ended by \endinput.
Lines  processed: 1298
Comments removed: 729
Comments  passed: 311
Codelines passed: 242


Generating file(s) ./guitar.tex 
\openout0 = `./guitar.tex'.


Processing file guitar.dtx (driver) -> guitar.tex
File guitar.dtx ended by \endinput.
Lines  processed: 1298
Comments removed: 729
Comments  passed: 311
Codelines passed: 242

***************************************************************
*
* To finish the installation you have to move the
* file 'guitar.sty' into a directory searched by TeX.
*
*
* Run the file guitar.tex through LaTeX to produce the
* documentation or read the ascii documentation in guitar.txt
*
*
***************************************************************
Overall statistics:
Files  processed: 3
Lines  processed: 3894
Comments removed: 2187
Comments  passed: 933
Codelines passed: 726
 ) ) ) 
Here is how much of TeX's memory you used:
 338 strings out of 95087
 3380 string characters out of 1183277
 50848 words of memory out of 1500000
 3601 multiletter control sequences out of 10000+50000
 3640 words of font info for 14 fonts, out of 1200000 for 2000
 28 hyphenation exceptions out of 8191
 16i,0n,18p,196b,135s stack positions out of 5000i,500n,6000p,200000b,5000s

No pages of output.
